SF:lib\common\database.dart
DA:11,0
DA:18,0
DA:19,0
DA:21,0
DA:22,0
DA:25,0
DA:28,3
DA:29,3
DA:30,6
DA:31,3
DA:34,0
DA:38,0
DA:39,0
DA:44,1
DA:47,6
DA:48,2
DA:49,2
DA:50,1
DA:55,0
DA:58,0
DA:59,0
DA:60,0
DA:62,0
DA:63,0
DA:70,1
DA:71,7
DA:72,1
DA:73,0
DA:75,1
DA:76,2
DA:77,1
DA:78,2
DA:79,2
DA:83,1
DA:84,1
DA:85,2
DA:86,1
DA:87,2
DA:88,2
DA:93,0
DA:95,0
DA:96,0
DA:101,0
DA:102,0
DA:103,0
DA:104,0
DA:107,0
DA:109,0
DA:110,0
DA:111,0
DA:112,0
DA:115,0
DA:119,0
DA:122,0
DA:123,0
DA:127,0
DA:131,0
DA:132,0
DA:133,0
DA:139,0
DA:140,0
DA:145,0
DA:146,0
DA:147,0
DA:148,0
DA:149,0
DA:150,0
DA:151,0
DA:152,0
DA:153,0
DA:154,0
DA:161,0
DA:162,0
DA:164,0
DA:165,0
DA:169,0
DA:170,0
DA:171,0
DA:172,0
DA:176,0
DA:177,0
DA:182,0
DA:184,0
DA:186,0
DA:187,0
DA:188,0
DA:196,0
DA:198,0
DA:199,0
DA:203,0
DA:205,0
DA:206,0
DA:213,0
DA:215,0
DA:216,0
DA:217,0
DA:218,0
DA:219,0
DA:223,0
DA:227,0
DA:228,0
DA:235,0
DA:236,0
DA:237,0
DA:238,0
DA:243,0
DA:245,0
DA:248,0
DA:249,0
DA:250,0
DA:252,0
DA:254,0
DA:255,0
DA:257,0
DA:265,0
DA:268,0
DA:269,0
DA:270,0
DA:271,0
DA:276,0
DA:279,0
DA:280,0
DA:281,0
DA:282,0
DA:283,0
DA:284,0
DA:286,0
DA:287,0
DA:288,0
DA:289,0
DA:296,2
DA:297,16
DA:301,1
DA:302,7
DA:307,1
DA:309,1
DA:310,1
DA:311,1
DA:312,2
DA:313,1
DA:314,1
DA:316,1
DA:318,1
DA:319,1
DA:320,2
DA:321,3
DA:322,1
DA:323,1
DA:325,1
DA:334,1
DA:336,1
DA:337,1
DA:338,2
DA:339,1
DA:340,1
DA:343,1
DA:345,1
DA:346,2
DA:347,3
DA:348,3
DA:349,2
DA:350,2
DA:351,1
DA:352,1
DA:363,1
DA:369,1
DA:370,1
DA:371,1
DA:373,1
DA:374,1
DA:375,1
DA:376,4
DA:377,1
DA:378,2
DA:379,2
DA:380,2
DA:384,0
DA:385,1
DA:387,2
DA:388,2
DA:389,1
DA:392,2
DA:394,2
DA:395,2
DA:396,1
DA:399,2
DA:402,1
DA:403,2
DA:405,3
DA:407,3
DA:408,1
DA:409,1
DA:410,4
DA:411,1
DA:412,1
DA:415,2
DA:423,1
DA:425,1
DA:428,0
DA:429,2
DA:432,1
DA:433,1
DA:434,1
DA:440,1
DA:447,1
DA:448,1
DA:453,1
DA:460,5
DA:461,1
DA:466,1
DA:468,1
DA:469,1
DA:470,1
DA:472,1
DA:473,1
DA:474,1
DA:475,2
DA:476,1
DA:477,1
DA:479,1
DA:481,1
DA:482,4
DA:483,1
DA:484,2
DA:487,2
DA:488,3
DA:489,1
DA:491,2
DA:492,2
DA:502,1
DA:503,1
DA:504,2
DA:505,1
DA:506,2
DA:507,2
DA:511,1
DA:513,6
DA:514,1
DA:515,1
DA:516,1
DA:518,0
DA:523,1
DA:526,1
DA:527,2
DA:528,1
DA:529,1
DA:530,1
DA:533,2
DA:534,1
DA:535,5
DA:536,2
DA:539,1
DA:540,4
DA:541,4
DA:542,4
DA:548,1
DA:556,1
DA:559,1
DA:560,2
DA:561,1
DA:562,1
DA:563,1
DA:566,2
DA:580,1
DA:581,1
DA:586,1
DA:592,1
DA:599,1
DA:600,1
DA:601,5
DA:603,2
DA:604,3
DA:612,1
DA:614,3
DA:616,3
DA:619,1
DA:620,1
DA:621,1
DA:622,1
DA:624,0
DA:628,1
DA:632,1
DA:633,1
DA:638,1
DA:639,1
DA:645,1
DA:647,3
DA:649,3
DA:652,1
DA:653,1
DA:654,1
DA:655,1
DA:657,0
DA:661,1
DA:664,2
DA:665,1
DA:671,1
DA:672,1
DA:676,1
DA:677,1
DA:685,1
DA:687,1
DA:688,2
DA:689,1
DA:690,2
DA:691,1
DA:693,2
DA:698,9
DA:706,0
DA:707,0
DA:711,0
DA:713,0
DA:718,0
DA:720,0
DA:721,0
DA:726,0
DA:728,0
DA:729,0
DA:739,0
DA:743,0
DA:744,0
DA:745,0
DA:746,0
DA:747,0
DA:748,0
DA:749,0
DA:753,0
DA:755,0
DA:756,0
DA:757,0
DA:763,0
DA:765,0
DA:766,0
DA:767,0
DA:777,0
DA:779,0
DA:781,0
DA:789,0
DA:791,0
DA:793,0
DA:801,0
DA:804,0
DA:806,0
DA:814,0
DA:817,0
DA:819,0
DA:827,0
DA:829,0
DA:831,0
DA:839,0
DA:842,0
DA:844,0
DA:850,0
DA:852,0
DA:853,0
DA:854,0
DA:855,0
DA:856,0
DA:857,0
DA:865,0
DA:869,0
DA:871,0
DA:879,0
DA:881,0
DA:883,0
LF:365
LH:196
end_of_record
SF:lib\models\event.dart
DA:11,2
DA:23,2
DA:28,0
DA:40,0
DA:41,0
DA:46,1
DA:47,1
DA:48,3
DA:51,0
DA:52,0
DA:53,0
DA:54,0
DA:55,0
DA:56,0
DA:57,0
DA:58,0
DA:59,0
DA:60,0
DA:61,0
DA:62,0
DA:63,0
DA:67,2
DA:69,2
DA:70,4
DA:74,0
DA:75,0
DA:76,0
DA:79,4
DA:86,0
DA:87,0
DA:90,0
DA:94,0
DA:96,0
DA:97,0
DA:99,0
DA:100,0
DA:102,0
DA:105,0
DA:106,0
DA:107,0
DA:109,0
DA:112,0
DA:118,0
DA:120,0
DA:121,0
DA:122,0
DA:123,0
DA:127,0
DA:128,0
DA:129,0
DA:131,0
DA:134,0
DA:140,0
DA:142,0
DA:143,0
DA:144,0
DA:145,0
DA:155,0
DA:156,0
DA:159,0
DA:161,0
DA:162,0
DA:164,0
DA:166,0
DA:169,0
DA:170,0
DA:172,0
DA:175,0
DA:179,0
DA:182,0
DA:186,0
DA:187,0
DA:189,0
DA:193,0
DA:197,0
DA:200,0
DA:207,0
DA:209,0
LF:78
LH:9
end_of_record
SF:lib\common\time_management.dart
DA:4,0
DA:5,0
DA:6,0
DA:7,0
DA:10,2
DA:11,2
DA:12,2
DA:13,1
DA:16,2
DA:19,1
DA:20,6
DA:23,1
DA:24,1
DA:25,0
DA:29,0
DA:30,0
DA:33,0
DA:34,0
DA:37,0
DA:38,0
LF:20
LH:9
end_of_record
SF:lib\models\task.dart
DA:6,0
DA:12,2
DA:26,2
DA:27,2
DA:28,3
DA:33,0
DA:47,0
DA:48,0
DA:49,0
DA:50,0
DA:56,1
DA:57,1
DA:58,2
DA:60,3
DA:62,1
DA:64,3
DA:69,2
DA:71,2
DA:72,4
DA:73,4
DA:74,4
DA:78,1
DA:79,3
DA:82,0
DA:83,0
DA:84,0
DA:87,4
DA:89,1
DA:90,2
DA:91,1
DA:94,4
DA:96,0
DA:97,0
DA:98,0
DA:101,4
DA:103,1
DA:105,3
DA:108,0
DA:109,0
DA:112,2
DA:115,2
DA:117,6
DA:118,6
DA:119,6
DA:125,2
DA:128,1
DA:130,1
DA:131,1
DA:132,1
DA:133,1
DA:134,1
LF:51
LH:37
end_of_record
SF:lib\models\tag.dart
DA:4,0
DA:6,0
DA:7,0
DA:8,0
DA:14,1
DA:15,1
DA:16,1
DA:17,1
DA:18,1
DA:23,1
DA:25,2
DA:26,2
DA:27,2
DA:28,2
DA:29,3
DA:30,3
DA:33,0
DA:38,0
DA:43,0
DA:44,0
DA:45,0
DA:46,0
DA:50,2
DA:51,2
DA:52,0
DA:53,2
DA:56,0
DA:57,0
DA:58,0
DA:62,1
DA:63,1
DA:64,1
DA:65,1
DA:66,1
DA:67,1
DA:72,1
DA:74,1
DA:76,1
DA:77,3
DA:78,3
DA:79,3
DA:80,3
DA:83,0
DA:85,0
DA:89,1
DA:90,1
DA:91,3
DA:92,3
DA:94,3
LF:49
LH:33
end_of_record
SF:lib\models\undertaking.dart
DA:6,0
DA:8,0
DA:9,0
DA:10,0
DA:11,0
DA:19,3
DA:30,3
DA:31,3
DA:32,3
DA:33,3
DA:34,3
DA:35,4
DA:36,6
DA:37,3
DA:38,3
DA:39,4
DA:44,0
DA:55,0
DA:56,0
DA:57,0
DA:58,0
DA:59,0
DA:60,0
DA:61,0
DA:62,0
DA:63,0
DA:69,2
DA:71,4
DA:72,2
DA:73,4
DA:74,4
DA:75,4
DA:76,4
DA:77,6
DA:78,6
DA:80,6
DA:81,6
DA:82,6
DA:83,6
DA:85,0
DA:91,3
DA:92,3
DA:93,3
DA:94,3
DA:95,3
DA:96,3
DA:98,6
DA:99,6
DA:100,3
DA:101,3
DA:102,3
DA:106,0
DA:112,0
DA:113,0
DA:114,0
DA:117,2
DA:119,6
DA:121,0
DA:122,0
DA:123,0
DA:126,0
DA:128,0
DA:129,0
DA:130,0
DA:133,0
DA:135,0
DA:136,0
DA:137,0
DA:140,0
DA:142,0
DA:143,0
DA:144,0
DA:147,0
DA:148,0
DA:149,0
DA:152,2
DA:154,0
DA:155,0
DA:156,0
DA:159,0
DA:161,0
DA:162,0
DA:163,0
DA:166,2
DA:168,0
DA:170,3
DA:208,3
DA:209,9
DA:210,9
DA:211,9
DA:212,9
DA:213,9
DA:214,9
DA:215,9
DA:216,9
DA:217,9
DA:220,1
DA:222,1
DA:223,1
DA:224,1
DA:225,1
DA:226,1
DA:227,1
DA:228,2
DA:229,2
DA:230,1
DA:231,1
LF:107
LH:61
end_of_record
SF:lib\common\recurrence.dart
DA:1,9
DA:10,9
DA:12,3
DA:13,9
DA:25,3
DA:31,6
DA:32,6
DA:33,6
DA:34,6
DA:38,0
DA:44,0
DA:48,2
DA:51,0
DA:52,0
DA:53,0
DA:54,0
DA:55,0
DA:57,4
DA:58,6
DA:59,0
DA:60,0
DA:61,6
DA:62,0
DA:63,0
DA:64,4
DA:66,2
DA:67,4
DA:68,4
DA:71,0
DA:73,2
DA:74,2
DA:75,2
DA:76,0
DA:81,0
DA:83,0
DA:84,0
DA:85,0
DA:89,0
DA:91,0
DA:92,0
DA:95,0
DA:97,0
DA:99,3
DA:100,3
DA:101,3
DA:102,3
DA:103,3
DA:104,3
DA:105,3
DA:109,3
DA:113,9
DA:115,0
DA:117,0
DA:118,0
DA:119,0
DA:120,0
DA:121,0
DA:122,0
DA:125,0
DA:127,0
DA:128,0
DA:129,0
DA:133,1
DA:135,3
LF:64
LH:31
end_of_record
